0 info it worked if it ends with ok
1 verbose cli [ 'node', '/usr/local/bin/npm', 'install', 'mysql@2.0.0-alpha8' ]
2 info using npm@1.3.5
3 info using node@v0.10.15
4 warn package.json coolestprojectsapp-api@0.0.1 No repository field.
5 warn package.json consolidate@0.9.1 No repository field.
6 verbose readDependencies using package.json deps
7 verbose cache add [ 'mysql@2.0.0-alpha8', null ]
8 verbose cache add name=undefined spec="mysql@2.0.0-alpha8" args=["mysql@2.0.0-alpha8",null]
9 verbose parsed url { protocol: null,
9 verbose parsed url   slashes: null,
9 verbose parsed url   auth: null,
9 verbose parsed url   host: null,
9 verbose parsed url   port: null,
9 verbose parsed url   hostname: null,
9 verbose parsed url   hash: null,
9 verbose parsed url   search: null,
9 verbose parsed url   query: null,
9 verbose parsed url   pathname: 'mysql@2.0.0-alpha8',
9 verbose parsed url   path: 'mysql@2.0.0-alpha8',
9 verbose parsed url   href: 'mysql@2.0.0-alpha8' }
10 verbose cache add name="mysql" spec="2.0.0-alpha8" args=["mysql","2.0.0-alpha8"]
11 verbose parsed url { protocol: null,
11 verbose parsed url   slashes: null,
11 verbose parsed url   auth: null,
11 verbose parsed url   host: null,
11 verbose parsed url   port: null,
11 verbose parsed url   hostname: null,
11 verbose parsed url   hash: null,
11 verbose parsed url   search: null,
11 verbose parsed url   query: null,
11 verbose parsed url   pathname: '2.0.0-alpha8',
11 verbose parsed url   path: '2.0.0-alpha8',
11 verbose parsed url   href: '2.0.0-alpha8' }
12 verbose addNamed [ 'mysql', '2.0.0-alpha8' ]
13 verbose addNamed [ '2.0.0-alpha8', '2.0.0-alpha8' ]
14 silly lockFile aefc6583-mysql-2-0-0-alpha8 mysql@2.0.0-alpha8
15 verbose lock mysql@2.0.0-alpha8 /Users/nking/.npm/aefc6583-mysql-2-0-0-alpha8.lock
16 verbose url raw mysql/2.0.0-alpha8
17 verbose url resolving [ 'https://registry.npmjs.org/', './mysql/2.0.0-alpha8' ]
18 verbose url resolved https://registry.npmjs.org/mysql/2.0.0-alpha8
19 info trying registry request attempt 1 at 16:38:39
20 http GET https://registry.npmjs.org/mysql/2.0.0-alpha8
21 info retry will retry, error on last attempt: Error: tunneling socket could not be established, cause=connect ENETUNREACH
22 info trying registry request attempt 2 at 16:38:58
23 http GET https://registry.npmjs.org/mysql/2.0.0-alpha8
24 info retry will retry, error on last attempt: Error: tunneling socket could not be established, cause=connect ENETUNREACH
25 info trying registry request attempt 3 at 16:41:16
26 http GET https://registry.npmjs.org/mysql/2.0.0-alpha8
27 silly lockFile aefc6583-mysql-2-0-0-alpha8 mysql@2.0.0-alpha8
28 silly lockFile aefc6583-mysql-2-0-0-alpha8 mysql@2.0.0-alpha8
29 error Error: tunneling socket could not be established, cause=connect ENETUNREACH
29 error     at ClientRequest.onError (/usr/local/lib/node_modules/npm/node_modules/request/node_modules/tunnel-agent/index.js:159:17)
29 error     at ClientRequest.g (events.js:175:14)
29 error     at ClientRequest.EventEmitter.emit (events.js:95:17)
29 error     at Socket.socketErrorListener (http.js:1528:9)
29 error     at Socket.EventEmitter.emit (events.js:95:17)
29 error     at net.js:441:14
29 error     at process._tickCallback (node.js:415:13)
30 error If you need help, you may report this log at:
30 error     <http://github.com/isaacs/npm/issues>
30 error or email it to:
30 error     <npm-@googlegroups.com>
31 error System Darwin 12.4.1
32 error command "node" "/usr/local/bin/npm" "install" "mysql@2.0.0-alpha8"
33 error cwd /Users/nking/development/workspace-coderdojo/coolestprojectsapp/node-api
34 error node -v v0.10.15
35 error npm -v 1.3.5
36 error code ECONNRESET
37 verbose exit [ 1, true ]
